<?xml version="1.0" encoding="utf-8"?>
<TestRun id="b5fc2064-74f4-4c4f-b2b4-a94402cb60bb" name="XXX 2022-01-13 11:57:25" runUser="XXX" xmlns="http://microsoft.com/schemas/VisualStudio/TeamTest/2010">
  <Times creation="2022-01-13T11:57:25.2341517+01:00" queuing="2022-01-13T11:57:25.2341517+01:00" start="2022-01-13T11:57:23.4205005+01:00" finish="2022-01-13T11:57:25.2654015+01:00" />
  <TestSettings name="default" id="66ee1a12-1ac6-4c3e-99ce-f811711b1a58">
    <Deployment runDeploymentRoot="XXX_2022-01-13_11_57_25" />
  </TestSettings>
  <Results>
    <UnitTestResult executionId="febc6a60-04b3-4bf9-b18c-ee722889b5dc" testId="00761a59-d3aa-02d7-82e7-1784007d7e91" testName="Bug.TestFixture.Example_Test(data: ExampleClassData_1_xyz)" computerName="XXX" duration="00:00:00.0010000" startTime="2022-01-13T11:57:24.8904014+01:00" endTime="2022-01-13T11:57:24.8904014+01:00" testType="13cdc9d9-ddb5-4fa4-a97d-d965ccfc6d4b" outcome="Passed" testListId="8c84fa94-04c1-424b-9868-57a2d4851a1d" relativeResultsDirectory="febc6a60-04b3-4bf9-b18c-ee722889b5dc" />
    <UnitTestResult executionId="1a1ae400-b9f6-4a32-b655-390f6877d22c" testId="00761a59-d3aa-02d7-82e7-1784007d7e91" testName="Bug.TestFixture.Example_Test(data: ExampleClassData_0_xyz)" computerName="XXX" duration="00:00:00.0430000" startTime="2022-01-13T11:57:24.8747719+01:00" endTime="2022-01-13T11:57:24.8747719+01:00" testType="13cdc9d9-ddb5-4fa4-a97d-d965ccfc6d4b" outcome="Passed" testListId="8c84fa94-04c1-424b-9868-57a2d4851a1d" relativeResultsDirectory="1a1ae400-b9f6-4a32-b655-390f6877d22c" />
  </Results>
  <TestDefinitions>
    <UnitTest name="Bug.TestFixture.Example_Test" storage="c:\agent\_work\r162\a\bug\bug.dll" id="00761a59-d3aa-02d7-82e7-1784007d7e91">
      <Execution id="1a1ae400-b9f6-4a32-b655-390f6877d22c" />
      <TestMethod codeBase="C:\agent\_work\r162\a\Bug\Bug.dll" adapterTypeName="executor://xunit/VsTestRunner2/net" className="Bug.TestFixture" name="Example_Test" />
    </UnitTest>
  </TestDefinitions>
  <TestEntries>
    <TestEntry testId="00761a59-d3aa-02d7-82e7-1784007d7e91" executionId="febc6a60-04b3-4bf9-b18c-ee722889b5dc" testListId="8c84fa94-04c1-424b-9868-57a2d4851a1d" />
    <TestEntry testId="00761a59-d3aa-02d7-82e7-1784007d7e91" executionId="1a1ae400-b9f6-4a32-b655-390f6877d22c" testListId="8c84fa94-04c1-424b-9868-57a2d4851a1d" />
  </TestEntries>
  <TestLists>
    <TestList name="Results Not in a List" id="8c84fa94-04c1-424b-9868-57a2d4851a1d" />
    <TestList name="All Loaded Results" id="19431567-8539-422a-85d7-44ee4e166bda" />
  </TestLists>
  <ResultSummary outcome="Completed">
    <Counters total="2" executed="2" passed="2" failed="0" error="0" timeout="0" aborted="0" inconclusive="0" passedButRunAborted="0" notRunnable="0" notExecuted="0" disconnected="0" warning="0" completed="0" inProgress="0" pending="0" />
    <Output>
      <StdOut>[xUnit.net 00:00:00.00] xUnit.net VSTest Adapter v2.4.1 (32-bit Desktop .NET 4.0.30319.42000)&#xD;
[xUnit.net 00:00:00.23]   Discovering: Bug&#xD;
[xUnit.net 00:00:00.32]   Discovered:  Bug&#xD;
[xUnit.net 00:00:00.32]   Starting:    Bug&#xD;
[xUnit.net 00:00:00.48]   Finished:    Bug&#xD;
</StdOut>
    </Output>
  </ResultSummary>
</TestRun>